# JRE version: OpenJDK Runtime Environment GraalVM CE 22.3.0 (17.0.5+8) (build 17.0.5+8-jvmci-22.3-b08)
# Java VM: OpenJDK 64-Bit Server VM GraalVM CE 22.3.0 (17.0.5+8-jvmci-22.3-b08, mixed mode, sharing, tiered, jvmci, jvmci compiler, compressed oops, compressed class ptrs, parallel gc, linux-amd64)
GC Precious Log:
 CPUs: 8 total, 1 available
 Memory: 1024M
 Large Page Support: Disabled
 NUMA Support: Disabled
 Compressed Oops: Enabled (32-bit)
 Alignments: Space 512K, Generation 512K, Heap 2M
 Heap Min Capacity: 100M
 Heap Initial Capacity: 100M
 Heap Max Capacity: 512M
 Pre-touch: Disabled
 Parallel Workers: 1
Heap:
 PSYoungGen      total 48128K, used 34303K [0x00000000f5580000, 0x00000000f9b00000, 0x0000000100000000)
  eden space 34304K, 99% used [0x00000000f5580000,0x00000000f76ffff8,0x00000000f7700000)
  from space 13824K, 0% used [0x00000000f8d80000,0x00000000f8d80000,0x00000000f9b00000)
  to   space 17920K, 0% used [0x00000000f7980000,0x00000000f7980000,0x00000000f8b00000)
 ParOldGen       total 349696K, used 349695K [0x00000000e0000000, 0x00000000f5580000, 0x00000000f5580000)
  object space 349696K, 99% used [0x00000000e0000000,0x00000000f557ffe8,0x00000000f5580000)
 Metaspace       used 64908K, committed 65920K, reserved 1114112K
  class space    used 6428K, committed 6848K, reserved 1048576K
GC Heap History (20 events):
Event: 1436.450 GC heap before
{Heap before GC invocations=1049 (full 925):
 PSYoungGen      total 48128K, used 34304K [0x00000000f5580000, 0x00000000f9b00000, 0x0000000100000000)
  eden space 34304K, 100% used [0x00000000f5580000,0x00000000f7700000,0x00000000f7700000)
  from space 13824K, 0% used [0x00000000f8d80000,0x00000000f8d80000,0x00000000f9b00000)
  to   space 17920K, 0% used [0x00000000f7980000,0x00000000f7980000,0x00000000f8b00000)
 ParOldGen       total 349696K, used 349694K [0x00000000e0000000, 0x00000000f5580000, 0x00000000f5580000)
  object space 349696K, 99% used [0x00000000e0000000,0x00000000f557f968,0x00000000f5580000)
 Metaspace       used 64907K, committed 65920K, reserved 1114112K
  class space    used 6428K, committed 6848K, reserved 1048576K
}
Event: 1437.966 GC heap after
{Heap after GC invocations=1049 (full 925):
 PSYoungGen      total 52224K, used 34304K [0x00000000f5580000, 0x00000000f9b00000, 0x0000000100000000)
  eden space 34304K, 100% used [0x00000000f5580000,0x00000000f7700000,0x00000000f7700000)
  from space 17920K, 0% used [0x00000000f7980000,0x00000000f7980000,0x00000000f8b00000)
  to   space 13824K, 0% used [0x00000000f8d80000,0x00000000f8d80000,0x00000000f9b00000)
 ParOldGen       total 349696K, used 349694K [0x00000000e0000000, 0x00000000f5580000, 0x00000000f5580000)
  object space 349696K, 99% used [0x00000000e0000000,0x00000000f557f968,0x00000000f5580000)
 Metaspace       used 64907K, committed 65920K, reserved 1114112K
  class space    used 6428K, committed 6848K, reserved 1048576K
}
Event: 1437.967 GC heap before
{Heap before GC invocations=1050 (full 926):
 PSYoungGen      total 52224K, used 34304K [0x00000000f5580000, 0x00000000f9b00000, 0x0000000100000000)
  eden space 34304K, 100% used [0x00000000f5580000,0x00000000f7700000,0x00000000f7700000)
  from space 17920K, 0% used [0x00000000f7980000,0x00000000f7980000,0x00000000f8b00000)
  to   space 13824K, 0% used [0x00000000f8d80000,0x00000000f8d80000,0x00000000f9b00000)
 ParOldGen       total 349696K, used 349695K [0x00000000e0000000, 0x00000000f5580000, 0x00000000f5580000)
  object space 349696K, 99% used [0x00000000e0000000,0x00000000f557ffe8,0x00000000f5580000)
 Metaspace       used 64907K, committed 65920K, reserved 1114112K
  class space    used 6428K, committed 6848K, reserved 1048576K
}
Event: 1439.538 GC heap after
{Heap after GC invocations=1050 (full 926):
 PSYoungGen      total 48128K, used 34303K [0x00000000f5580000, 0x00000000f9b00000, 0x0000000100000000)
  eden space 34304K, 99% used [0x00000000f5580000,0x00000000f76fffe0,0x00000000f7700000)
  from space 13824K, 0% used [0x00000000f8d80000,0x00000000f8d80000,0x00000000f9b00000)
  to   space 17920K, 0% used [0x00000000f7980000,0x00000000f7980000,0x00000000f8b00000)
 ParOldGen       total 349696K, used 349695K [0x00000000e0000000, 0x00000000f5580000, 0x00000000f5580000)
  object space 349696K, 99% used [0x00000000e0000000,0x00000000f557fdd8,0x00000000f5580000)
 Metaspace       used 64907K, committed 65920K, reserved 1114112K
  class space    used 6428K, committed 6848K, reserved 1048576K
}
Event: 1439.543 GC heap before
{Heap before GC invocations=1051 (full 927):
 PSYoungGen      total 48128K, used 34304K [0x00000000f5580000, 0x00000000f9b00000, 0x0000000100000000)
  eden space 34304K, 100% used [0x00000000f5580000,0x00000000f7700000,0x00000000f7700000)
  from space 13824K, 0% used [0x00000000f8d80000,0x00000000f8d80000,0x00000000f9b00000)
  to   space 17920K, 0% used [0x00000000f7980000,0x00000000f7980000,0x00000000f8b00000)
 ParOldGen       total 349696K, used 349695K [0x00000000e0000000, 0x00000000f5580000, 0x00000000f5580000)
  object space 349696K, 99% used [0x00000000e0000000,0x00000000f557fdd8,0x00000000f5580000)
 Metaspace       used 64907K, committed 65920K, reserved 1114112K
  class space    used 6428K, committed 6848K, reserved 1048576K
}
Event: 1440.848 GC heap after
{Heap after GC invocations=1051 (full 927):
 PSYoungGen      total 52224K, used 34304K [0x00000000f5580000, 0x00000000f9b00000, 0x0000000100000000)
  eden space 34304K, 100% used [0x00000000f5580000,0x00000000f7700000,0x00000000f7700000)
  from space 17920K, 0% used [0x00000000f7980000,0x00000000f7980000,0x00000000f8b00000)
  to   space 13824K, 0% used [0x00000000f8d80000,0x00000000f8d80000,0x00000000f9b00000)
 ParOldGen       total 349696K, used 349695K [0x00000000e0000000, 0x00000000f5580000, 0x00000000f5580000)
  object space 349696K, 99% used [0x00000000e0000000,0x00000000f557fdd8,0x00000000f5580000)
 Metaspace       used 64907K, committed 65920K, reserved 1114112K
  class space    used 6428K, committed 6848K, reserved 1048576K
}
Event: 1440.851 GC heap before
{Heap before GC invocations=1052 (full 928):
 PSYoungGen      total 52224K, used 34304K [0x00000000f5580000, 0x00000000f9b00000, 0x0000000100000000)
  eden space 34304K, 100% used [0x00000000f5580000,0x00000000f7700000,0x00000000f7700000)
  from space 17920K, 0% used [0x00000000f7980000,0x00000000f7980000,0x00000000f8b00000)
  to   space 13824K, 0% used [0x00000000f8d80000,0x00000000f8d80000,0x00000000f9b00000)
 ParOldGen       total 349696K, used 349695K [0x00000000e0000000, 0x00000000f5580000, 0x00000000f5580000)
  object space 349696K, 99% used [0x00000000e0000000,0x00000000f557ff90,0x00000000f5580000)
 Metaspace       used 64907K, committed 65920K, reserved 1114112K
  class space    used 6428K, committed 6848K, reserved 1048576K
}
Event: 1442.256 GC heap after
{Heap after GC invocations=1052 (full 928):
 PSYoungGen      total 48128K, used 34304K [0x00000000f5580000, 0x00000000f9b00000, 0x0000000100000000)
  eden space 34304K, 100% used [0x00000000f5580000,0x00000000f7700000,0x00000000f7700000)
  from space 13824K, 0% used [0x00000000f8d80000,0x00000000f8d80000,0x00000000f9b00000)
  to   space 17920K, 0% used [0x00000000f7980000,0x00000000f7980000,0x00000000f8b00000)
 ParOldGen       total 349696K, used 349695K [0x00000000e0000000, 0x00000000f5580000, 0x00000000f5580000)
  object space 349696K, 99% used [0x00000000e0000000,0x00000000f557fe30,0x00000000f5580000)
 Metaspace       used 64907K, committed 65920K, reserved 1114112K
  class space    used 6428K, committed 6848K, reserved 1048576K
}
Event: 1442.257 GC heap before
{Heap before GC invocations=1053 (full 929):
 PSYoungGen      total 48128K, used 34304K [0x00000000f5580000, 0x00000000f9b00000, 0x0000000100000000)
  eden space 34304K, 100% used [0x00000000f5580000,0x00000000f7700000,0x00000000f7700000)
  from space 13824K, 0% used [0x00000000f8d80000,0x00000000f8d80000,0x00000000f9b00000)
  to   space 17920K, 0% used [0x00000000f7980000,0x00000000f7980000,0x00000000f8b00000)
 ParOldGen       total 349696K, used 349695K [0x00000000e0000000, 0x00000000f5580000, 0x00000000f5580000)
  object space 349696K, 99% used [0x00000000e0000000,0x00000000f557ffe8,0x00000000f5580000)
 Metaspace       used 64907K, committed 65920K, reserved 1114112K
  class space    used 6428K, committed 6848K, reserved 1048576K
}
Event: 1445.357 GC heap after
{Heap after GC invocations=1053 (full 929):
 PSYoungGen      total 52224K, used 34304K [0x00000000f5580000, 0x00000000f9b00000, 0x0000000100000000)
  eden space 34304K, 100% used [0x00000000f5580000,0x00000000f7700000,0x00000000f7700000)
  from space 17920K, 0% used [0x00000000f7980000,0x00000000f7980000,0x00000000f8b00000)
  to   space 13824K, 0% used [0x00000000f8d80000,0x00000000f8d80000,0x00000000f9b00000)
 ParOldGen       total 349696K, used 349695K [0x00000000e0000000, 0x00000000f5580000, 0x00000000f5580000)
  object space 349696K, 99% used [0x00000000e0000000,0x00000000f557fe60,0x00000000f5580000)
 Metaspace       used 64907K, committed 65920K, reserved 1114112K
  class space    used 6428K, committed 6848K, reserved 1048576K
}
Event: 1445.418 GC heap before
{Heap before GC invocations=1054 (full 930):
 PSYoungGen      total 52224K, used 34304K [0x00000000f5580000, 0x00000000f9b00000, 0x0000000100000000)
  eden space 34304K, 100% used [0x00000000f5580000,0x00000000f7700000,0x00000000f7700000)
  from space 17920K, 0% used [0x00000000f7980000,0x00000000f7980000,0x00000000f8b00000)
  to   space 13824K, 0% used [0x00000000f8d80000,0x00000000f8d80000,0x00000000f9b00000)
 ParOldGen       total 349696K, used 349695K [0x00000000e0000000, 0x00000000f5580000, 0x00000000f5580000)
  object space 349696K, 99% used [0x00000000e0000000,0x00000000f557ffd8,0x00000000f5580000)
 Metaspace       used 64908K, committed 65920K, reserved 1114112K
  class space    used 6428K, committed 6848K, reserved 1048576K
}
Event: 1450.029 GC heap after
{Heap after GC invocations=1054 (full 930):
 PSYoungGen      total 48128K, used 34303K [0x00000000f5580000, 0x00000000f9b00000, 0x0000000100000000)
  eden space 34304K, 99% used [0x00000000f5580000,0x00000000f76fffc0,0x00000000f7700000)
  from space 13824K, 0% used [0x00000000f8d80000,0x00000000f8d80000,0x00000000f9b00000)
  to   space 17920K, 0% used [0x00000000f7980000,0x00000000f7980000,0x00000000f8b00000)
 ParOldGen       total 349696K, used 349695K [0x00000000e0000000, 0x00000000f5580000, 0x00000000f5580000)
  object space 349696K, 99% used [0x00000000e0000000,0x00000000f557fea8,0x00000000f5580000)
 Metaspace       used 64908K, committed 65920K, reserved 1114112K
  class space    used 6428K, committed 6848K, reserved 1048576K
}
Event: 1450.029 GC heap before
{Heap before GC invocations=1055 (full 931):
 PSYoungGen      total 48128K, used 34304K [0x00000000f5580000, 0x00000000f9b00000, 0x0000000100000000)
  eden space 34304K, 100% used [0x00000000f5580000,0x00000000f7700000,0x00000000f7700000)
  from space 13824K, 0% used [0x00000000f8d80000,0x00000000f8d80000,0x00000000f9b00000)
  to   space 17920K, 0% used [0x00000000f7980000,0x00000000f7980000,0x00000000f8b00000)
 ParOldGen       total 349696K, used 349695K [0x00000000e0000000, 0x00000000f5580000, 0x00000000f5580000)
  object space 349696K, 99% used [0x00000000e0000000,0x00000000f557fea8,0x00000000f5580000)
 Metaspace       used 64908K, committed 65920K, reserved 1114112K
  class space    used 6428K, committed 6848K, reserved 1048576K
}
Event: 1451.355 GC heap after
{Heap after GC invocations=1055 (full 931):
 PSYoungGen      total 52224K, used 34304K [0x00000000f5580000, 0x00000000f9b00000, 0x0000000100000000)
  eden space 34304K, 100% used [0x00000000f5580000,0x00000000f7700000,0x00000000f7700000)
  from space 17920K, 0% used [0x00000000f7980000,0x00000000f7980000,0x00000000f8b00000)
  to   space 13824K, 0% used [0x00000000f8d80000,0x00000000f8d80000,0x00000000f9b00000)
 ParOldGen       total 349696K, used 349695K [0x00000000e0000000, 0x00000000f5580000, 0x00000000f5580000)
  object space 349696K, 99% used [0x00000000e0000000,0x00000000f557fe68,0x00000000f5580000)
 Metaspace       used 64908K, committed 65920K, reserved 1114112K
  class space    used 6428K, committed 6848K, reserved 1048576K
}
Event: 1451.355 GC heap before
{Heap before GC invocations=1056 (full 932):
 PSYoungGen      total 52224K, used 34304K [0x00000000f5580000, 0x00000000f9b00000, 0x0000000100000000)
  eden space 34304K, 100% used [0x00000000f5580000,0x00000000f7700000,0x00000000f7700000)
  from space 17920K, 0% used [0x00000000f7980000,0x00000000f7980000,0x00000000f8b00000)
  to   space 13824K, 0% used [0x00000000f8d80000,0x00000000f8d80000,0x00000000f9b00000)
 ParOldGen       total 349696K, used 349696K [0x00000000e0000000, 0x00000000f5580000, 0x00000000f5580000)
  object space 349696K, 100% used [0x00000000e0000000,0x00000000f5580000,0x00000000f5580000)
 Metaspace       used 64908K, committed 65920K, reserved 1114112K
  class space    used 6428K, committed 6848K, reserved 1048576K
}
Event: 1452.779 GC heap after
{Heap after GC invocations=1056 (full 932):
 PSYoungGen      total 48128K, used 34303K [0x00000000f5580000, 0x00000000f9b00000, 0x0000000100000000)
  eden space 34304K, 99% used [0x00000000f5580000,0x00000000f76fffc0,0x00000000f7700000)
  from space 13824K, 0% used [0x00000000f8d80000,0x00000000f8d80000,0x00000000f9b00000)
  to   space 17920K, 0% used [0x00000000f7980000,0x00000000f7980000,0x00000000f8b00000)
 ParOldGen       total 349696K, used 349695K [0x00000000e0000000, 0x00000000f5580000, 0x00000000f5580000)
  object space 349696K, 99% used [0x00000000e0000000,0x00000000f557ff30,0x00000000f5580000)
 Metaspace       used 64908K, committed 65920K, reserved 1114112K
  class space    used 6428K, committed 6848K, reserved 1048576K
}
Event: 1452.779 GC heap before
{Heap before GC invocations=1057 (full 933):
 PSYoungGen      total 48128K, used 34303K [0x00000000f5580000, 0x00000000f9b00000, 0x0000000100000000)
  eden space 34304K, 99% used [0x00000000f5580000,0x00000000f76fffe8,0x00000000f7700000)
  from space 13824K, 0% used [0x00000000f8d80000,0x00000000f8d80000,0x00000000f9b00000)
  to   space 17920K, 0% used [0x00000000f7980000,0x00000000f7980000,0x00000000f8b00000)
 ParOldGen       total 349696K, used 349695K [0x00000000e0000000, 0x00000000f5580000, 0x00000000f5580000)
  object space 349696K, 99% used [0x00000000e0000000,0x00000000f557ff30,0x00000000f5580000)
 Metaspace       used 64908K, committed 65920K, reserved 1114112K
  class space    used 6428K, committed 6848K, reserved 1048576K
}
Event: 1454.063 GC heap after
{Heap after GC invocations=1057 (full 933):
 PSYoungGen      total 52224K, used 34303K [0x00000000f5580000, 0x00000000f9b00000, 0x0000000100000000)
  eden space 34304K, 99% used [0x00000000f5580000,0x00000000f76fffd8,0x00000000f7700000)
  from space 17920K, 0% used [0x00000000f7980000,0x00000000f7980000,0x00000000f8b00000)
  to   space 13824K, 0% used [0x00000000f8d80000,0x00000000f8d80000,0x00000000f9b00000)
 ParOldGen       total 349696K, used 349695K [0x00000000e0000000, 0x00000000f5580000, 0x00000000f5580000)
  object space 349696K, 99% used [0x00000000e0000000,0x00000000f557ff30,0x00000000f5580000)
 Metaspace       used 64908K, committed 65920K, reserved 1114112K
  class space    used 6428K, committed 6848K, reserved 1048576K
}
Event: 1454.063 GC heap before
{Heap before GC invocations=1058 (full 934):
 PSYoungGen      total 52224K, used 34303K [0x00000000f5580000, 0x00000000f9b00000, 0x0000000100000000)
  eden space 34304K, 99% used [0x00000000f5580000,0x00000000f76fffd8,0x00000000f7700000)
  from space 17920K, 0% used [0x00000000f7980000,0x00000000f7980000,0x00000000f8b00000)
  to   space 13824K, 0% used [0x00000000f8d80000,0x00000000f8d80000,0x00000000f9b00000)
 ParOldGen       total 349696K, used 349695K [0x00000000e0000000, 0x00000000f5580000, 0x00000000f5580000)
  object space 349696K, 99% used [0x00000000e0000000,0x00000000f557ff30,0x00000000f5580000)
 Metaspace       used 64908K, committed 65920K, reserved 1114112K
  class space    used 6428K, committed 6848K, reserved 1048576K
}
Event: 1455.368 GC heap after
{Heap after GC invocations=1058 (full 934):
 PSYoungGen      total 48128K, used 34303K [0x00000000f5580000, 0x00000000f9b00000, 0x0000000100000000)
  eden space 34304K, 99% used [0x00000000f5580000,0x00000000f76fffd8,0x00000000f7700000)
  from space 13824K, 0% used [0x00000000f8d80000,0x00000000f8d80000,0x00000000f9b00000)
  to   space 17920K, 0% used [0x00000000f7980000,0x00000000f7980000,0x00000000f8b00000)
 ParOldGen       total 349696K, used 349695K [0x00000000e0000000, 0x00000000f5580000, 0x00000000f5580000)
  object space 349696K, 99% used [0x00000000e0000000,0x00000000f557ff30,0x00000000f5580000)
 Metaspace       used 64908K, committed 65920K, reserved 1114112K
  class space    used 6428K, committed 6848K, reserved 1048576K
}

